find_executable: checking for pg_config... -------------------- yes

--------------------

find_header: checking for libpq-fe.h... -------------------- yes

"gcc-4.2 -o conftest -I/Users/mitchellkiss/.rvm/rubies/ruby-1.9.3-p392/include/ruby-1.9.1/x86_64-darwin12.3.0 -I/Users/mitchellkiss/.rvm/rubies/ruby-1.9.3-p392/include/ruby-1.9.1/ruby/backward -I/Users/mitchellkiss/.rvm/rubies/ruby-1.9.3-p392/include/ruby-1.9.1 -I. -D_XOPEN_SOURCE -D_DARWIN_C_SOURCE   -I/Users/mitchellkiss/.rvm/opt/libyaml/include -I/Users/mitchellkiss/.rvm/opt/readline/include -I/Users/mitchellkiss/.rvm/opt/libxml2/include -I/Users/mitchellkiss/.rvm/opt/libxslt/include -I/Users/mitchellkiss/.rvm/opt/libksba/include -I/Users/mitchellkiss/.rvm/opt/openssl/include -I/Users/mitchellkiss/.rvm/opt/sqlite/include -I/usr/include  -O3 -ggdb -Wall -Wextra -Wno-unused-parameter -Wno-parentheses -Wno-long-long -Wno-missing-field-initializers -Wpointer-arith -Wwrite-strings -Wdeclaration-after-statement -Wshorten-64-to-32 -Wimplicit-function-declaration  -fno-common -pipe conftest.c  -L. -L/Users/mitchellkiss/.rvm/rubies/ruby-1.9.3-p392/lib -L/Users/mitchellkiss/.rvm/opt/libyaml/lib -L/Users/mitchellkiss/.rvm/opt/readline/lib -L/Users/mitchellkiss/.rvm/opt/libxml2/lib -L/Users/mitchellkiss/.rvm/opt/libxslt/lib -L/Users/mitchellkiss/.rvm/opt/libksba/lib -L/Users/mitchellkiss/.rvm/opt/openssl/lib -L/Users/mitchellkiss/.rvm/opt/sqlite/lib -L.  -L/Users/mitchellkiss/.rvm/opt/libyaml/lib -L/Users/mitchellkiss/.rvm/opt/readline/lib -L/Users/mitchellkiss/.rvm/opt/libxml2/lib -L/Users/mitchellkiss/.rvm/opt/libxslt/lib -L/Users/mitchellkiss/.rvm/opt/libksba/lib -L/Users/mitchellkiss/.rvm/opt/openssl/lib -L/Users/mitchellkiss/.rvm/opt/sqlite/lib  -L/usr/lib     -lruby.1.9.1  -lpthread -ldl -lobjc "
checked program was:
/* begin */
1: #include "ruby.h"
2: 
3: int main() {return 0;}
/* end */

"gcc-4.2 -E -I/Users/mitchellkiss/.rvm/rubies/ruby-1.9.3-p392/include/ruby-1.9.1/x86_64-darwin12.3.0 -I/Users/mitchellkiss/.rvm/rubies/ruby-1.9.3-p392/include/ruby-1.9.1/ruby/backward -I/Users/mitchellkiss/.rvm/rubies/ruby-1.9.3-p392/include/ruby-1.9.1 -I. -D_XOPEN_SOURCE -D_DARWIN_C_SOURCE   -I/Users/mitchellkiss/.rvm/opt/libyaml/include -I/Users/mitchellkiss/.rvm/opt/readline/include -I/Users/mitchellkiss/.rvm/opt/libxml2/include -I/Users/mitchellkiss/.rvm/opt/libxslt/include -I/Users/mitchellkiss/.rvm/opt/libksba/include -I/Users/mitchellkiss/.rvm/opt/openssl/include -I/Users/mitchellkiss/.rvm/opt/sqlite/include -I/usr/include  -O3 -ggdb -Wall -Wextra -Wno-unused-parameter -Wno-parentheses -Wno-long-long -Wno-missing-field-initializers -Wpointer-arith -Wwrite-strings -Wdeclaration-after-statement -Wshorten-64-to-32 -Wimplicit-function-declaration  -fno-common -pipe  conftest.c -o conftest.i"
checked program was:
/* begin */
1: #include "ruby.h"
2: 
3: #include <libpq-fe.h>
/* end */

--------------------

find_header: checking for libpq/libpq-fs.h... -------------------- yes

"gcc-4.2 -E -I/Users/mitchellkiss/.rvm/rubies/ruby-1.9.3-p392/include/ruby-1.9.1/x86_64-darwin12.3.0 -I/Users/mitchellkiss/.rvm/rubies/ruby-1.9.3-p392/include/ruby-1.9.1/ruby/backward -I/Users/mitchellkiss/.rvm/rubies/ruby-1.9.3-p392/include/ruby-1.9.1 -I. -D_XOPEN_SOURCE -D_DARWIN_C_SOURCE   -I/Users/mitchellkiss/.rvm/opt/libyaml/include -I/Users/mitchellkiss/.rvm/opt/readline/include -I/Users/mitchellkiss/.rvm/opt/libxml2/include -I/Users/mitchellkiss/.rvm/opt/libxslt/include -I/Users/mitchellkiss/.rvm/opt/libksba/include -I/Users/mitchellkiss/.rvm/opt/openssl/include -I/Users/mitchellkiss/.rvm/opt/sqlite/include -I/usr/include  -O3 -ggdb -Wall -Wextra -Wno-unused-parameter -Wno-parentheses -Wno-long-long -Wno-missing-field-initializers -Wpointer-arith -Wwrite-strings -Wdeclaration-after-statement -Wshorten-64-to-32 -Wimplicit-function-declaration  -fno-common -pipe  conftest.c -o conftest.i"
checked program was:
/* begin */
1: #include "ruby.h"
2: 
3: #include <libpq/libpq-fs.h>
/* end */

--------------------

have_library: checking for PQconnectdb() in -lpq... -------------------- yes

"gcc-4.2 -o conftest -I/Users/mitchellkiss/.rvm/rubies/ruby-1.9.3-p392/include/ruby-1.9.1/x86_64-darwin12.3.0 -I/Users/mitchellkiss/.rvm/rubies/ruby-1.9.3-p392/include/ruby-1.9.1/ruby/backward -I/Users/mitchellkiss/.rvm/rubies/ruby-1.9.3-p392/include/ruby-1.9.1 -I. -D_XOPEN_SOURCE -D_DARWIN_C_SOURCE   -I/Users/mitchellkiss/.rvm/opt/libyaml/include -I/Users/mitchellkiss/.rvm/opt/readline/include -I/Users/mitchellkiss/.rvm/opt/libxml2/include -I/Users/mitchellkiss/.rvm/opt/libxslt/include -I/Users/mitchellkiss/.rvm/opt/libksba/include -I/Users/mitchellkiss/.rvm/opt/openssl/include -I/Users/mitchellkiss/.rvm/opt/sqlite/include -I/usr/include  -O3 -ggdb -Wall -Wextra -Wno-unused-parameter -Wno-parentheses -Wno-long-long -Wno-missing-field-initializers -Wpointer-arith -Wwrite-strings -Wdeclaration-after-statement -Wshorten-64-to-32 -Wimplicit-function-declaration  -fno-common -pipe conftest.c  -L. -L/Users/mitchellkiss/.rvm/rubies/ruby-1.9.3-p392/lib -L/Users/mitchellkiss/.rvm/opt/libyaml/lib -L/Users/mitchellkiss/.rvm/opt/readline/lib -L/Users/mitchellkiss/.rvm/opt/libxml2/lib -L/Users/mitchellkiss/.rvm/opt/libxslt/lib -L/Users/mitchellkiss/.rvm/opt/libksba/lib -L/Users/mitchellkiss/.rvm/opt/openssl/lib -L/Users/mitchellkiss/.rvm/opt/sqlite/lib -L.  -L/Users/mitchellkiss/.rvm/opt/libyaml/lib -L/Users/mitchellkiss/.rvm/opt/readline/lib -L/Users/mitchellkiss/.rvm/opt/libxml2/lib -L/Users/mitchellkiss/.rvm/opt/libxslt/lib -L/Users/mitchellkiss/.rvm/opt/libksba/lib -L/Users/mitchellkiss/.rvm/opt/openssl/lib -L/Users/mitchellkiss/.rvm/opt/sqlite/lib  -L/usr/lib     -lruby.1.9.1 -lpq  -lpthread -ldl -lobjc "
checked program was:
/* begin */
1: #include "ruby.h"
2: 
3: #include <libpq-fe.h>
4: 
5: /*top*/
6: int main() {return 0;}
7: int t() { void ((*volatile p)()); p = (void ((*)()))PQconnectdb; return 0; }
/* end */

--------------------

have_func: checking for PQconnectionUsedPassword()... -------------------- yes

"gcc-4.2 -o conftest -I/Users/mitchellkiss/.rvm/rubies/ruby-1.9.3-p392/include/ruby-1.9.1/x86_64-darwin12.3.0 -I/Users/mitchellkiss/.rvm/rubies/ruby-1.9.3-p392/include/ruby-1.9.1/ruby/backward -I/Users/mitchellkiss/.rvm/rubies/ruby-1.9.3-p392/include/ruby-1.9.1 -I. -D_XOPEN_SOURCE -D_DARWIN_C_SOURCE   -I/Users/mitchellkiss/.rvm/opt/libyaml/include -I/Users/mitchellkiss/.rvm/opt/readline/include -I/Users/mitchellkiss/.rvm/opt/libxml2/include -I/Users/mitchellkiss/.rvm/opt/libxslt/include -I/Users/mitchellkiss/.rvm/opt/libksba/include -I/Users/mitchellkiss/.rvm/opt/openssl/include -I/Users/mitchellkiss/.rvm/opt/sqlite/include -I/usr/include  -O3 -ggdb -Wall -Wextra -Wno-unused-parameter -Wno-parentheses -Wno-long-long -Wno-missing-field-initializers -Wpointer-arith -Wwrite-strings -Wdeclaration-after-statement -Wshorten-64-to-32 -Wimplicit-function-declaration  -fno-common -pipe conftest.c  -L. -L/Users/mitchellkiss/.rvm/rubies/ruby-1.9.3-p392/lib -L/Users/mitchellkiss/.rvm/opt/libyaml/lib -L/Users/mitchellkiss/.rvm/opt/readline/lib -L/Users/mitchellkiss/.rvm/opt/libxml2/lib -L/Users/mitchellkiss/.rvm/opt/libxslt/lib -L/Users/mitchellkiss/.rvm/opt/libksba/lib -L/Users/mitchellkiss/.rvm/opt/openssl/lib -L/Users/mitchellkiss/.rvm/opt/sqlite/lib -L.  -L/Users/mitchellkiss/.rvm/opt/libyaml/lib -L/Users/mitchellkiss/.rvm/opt/readline/lib -L/Users/mitchellkiss/.rvm/opt/libxml2/lib -L/Users/mitchellkiss/.rvm/opt/libxslt/lib -L/Users/mitchellkiss/.rvm/opt/libksba/lib -L/Users/mitchellkiss/.rvm/opt/openssl/lib -L/Users/mitchellkiss/.rvm/opt/sqlite/lib  -L/usr/lib    -lpq  -lruby.1.9.1 -lpq  -lpthread -ldl -lobjc "
conftest.c: In function ‘t’:
conftest.c:5: error: ‘PQconnectionUsedPassword’ undeclared (first use in this function)
conftest.c:5: error: (Each undeclared identifier is reported only once
conftest.c:5: error: for each function it appears in.)
checked program was:
/* begin */
1: #include "ruby.h"
2: 
3: /*top*/
4: int main() {return 0;}
5: int t() { void ((*volatile p)()); p = (void ((*)()))PQconnectionUsedPassword; return 0; }
/* end */

"gcc-4.2 -o conftest -I/Users/mitchellkiss/.rvm/rubies/ruby-1.9.3-p392/include/ruby-1.9.1/x86_64-darwin12.3.0 -I/Users/mitchellkiss/.rvm/rubies/ruby-1.9.3-p392/include/ruby-1.9.1/ruby/backward -I/Users/mitchellkiss/.rvm/rubies/ruby-1.9.3-p392/include/ruby-1.9.1 -I. -D_XOPEN_SOURCE -D_DARWIN_C_SOURCE   -I/Users/mitchellkiss/.rvm/opt/libyaml/include -I/Users/mitchellkiss/.rvm/opt/readline/include -I/Users/mitchellkiss/.rvm/opt/libxml2/include -I/Users/mitchellkiss/.rvm/opt/libxslt/include -I/Users/mitchellkiss/.rvm/opt/libksba/include -I/Users/mitchellkiss/.rvm/opt/openssl/include -I/Users/mitchellkiss/.rvm/opt/sqlite/include -I/usr/include  -O3 -ggdb -Wall -Wextra -Wno-unused-parameter -Wno-parentheses -Wno-long-long -Wno-missing-field-initializers -Wpointer-arith -Wwrite-strings -Wdeclaration-after-statement -Wshorten-64-to-32 -Wimplicit-function-declaration  -fno-common -pipe conftest.c  -L. -L/Users/mitchellkiss/.rvm/rubies/ruby-1.9.3-p392/lib -L/Users/mitchellkiss/.rvm/opt/libyaml/lib -L/Users/mitchellkiss/.rvm/opt/readline/lib -L/Users/mitchellkiss/.rvm/opt/libxml2/lib -L/Users/mitchellkiss/.rvm/opt/libxslt/lib -L/Users/mitchellkiss/.rvm/opt/libksba/lib -L/Users/mitchellkiss/.rvm/opt/openssl/lib -L/Users/mitchellkiss/.rvm/opt/sqlite/lib -L.  -L/Users/mitchellkiss/.rvm/opt/libyaml/lib -L/Users/mitchellkiss/.rvm/opt/readline/lib -L/Users/mitchellkiss/.rvm/opt/libxml2/lib -L/Users/mitchellkiss/.rvm/opt/libxslt/lib -L/Users/mitchellkiss/.rvm/opt/libksba/lib -L/Users/mitchellkiss/.rvm/opt/openssl/lib -L/Users/mitchellkiss/.rvm/opt/sqlite/lib  -L/usr/lib    -lpq  -lruby.1.9.1 -lpq  -lpthread -ldl -lobjc "
conftest.c: In function ‘t’:
conftest.c:5: warning: implicit declaration of function ‘PQconnectionUsedPassword’
checked program was:
/* begin */
1: #include "ruby.h"
2: 
3: /*top*/
4: int main() {return 0;}
5: int t() { PQconnectionUsedPassword(); return 0; }
/* end */

--------------------

have_func: checking for PQisthreadsafe()... -------------------- yes

"gcc-4.2 -o conftest -I/Users/mitchellkiss/.rvm/rubies/ruby-1.9.3-p392/include/ruby-1.9.1/x86_64-darwin12.3.0 -I/Users/mitchellkiss/.rvm/rubies/ruby-1.9.3-p392/include/ruby-1.9.1/ruby/backward -I/Users/mitchellkiss/.rvm/rubies/ruby-1.9.3-p392/include/ruby-1.9.1 -I. -D_XOPEN_SOURCE -D_DARWIN_C_SOURCE   -I/Users/mitchellkiss/.rvm/opt/libyaml/include -I/Users/mitchellkiss/.rvm/opt/readline/include -I/Users/mitchellkiss/.rvm/opt/libxml2/include -I/Users/mitchellkiss/.rvm/opt/libxslt/include -I/Users/mitchellkiss/.rvm/opt/libksba/include -I/Users/mitchellkiss/.rvm/opt/openssl/include -I/Users/mitchellkiss/.rvm/opt/sqlite/include -I/usr/include  -O3 -ggdb -Wall -Wextra -Wno-unused-parameter -Wno-parentheses -Wno-long-long -Wno-missing-field-initializers -Wpointer-arith -Wwrite-strings -Wdeclaration-after-statement -Wshorten-64-to-32 -Wimplicit-function-declaration  -fno-common -pipe conftest.c  -L. -L/Users/mitchellkiss/.rvm/rubies/ruby-1.9.3-p392/lib -L/Users/mitchellkiss/.rvm/opt/libyaml/lib -L/Users/mitchellkiss/.rvm/opt/readline/lib -L/Users/mitchellkiss/.rvm/opt/libxml2/lib -L/Users/mitchellkiss/.rvm/opt/libxslt/lib -L/Users/mitchellkiss/.rvm/opt/libksba/lib -L/Users/mitchellkiss/.rvm/opt/openssl/lib -L/Users/mitchellkiss/.rvm/opt/sqlite/lib -L.  -L/Users/mitchellkiss/.rvm/opt/libyaml/lib -L/Users/mitchellkiss/.rvm/opt/readline/lib -L/Users/mitchellkiss/.rvm/opt/libxml2/lib -L/Users/mitchellkiss/.rvm/opt/libxslt/lib -L/Users/mitchellkiss/.rvm/opt/libksba/lib -L/Users/mitchellkiss/.rvm/opt/openssl/lib -L/Users/mitchellkiss/.rvm/opt/sqlite/lib  -L/usr/lib    -lpq  -lruby.1.9.1 -lpq  -lpthread -ldl -lobjc "
conftest.c: In function ‘t’:
conftest.c:5: error: ‘PQisthreadsafe’ undeclared (first use in this function)
conftest.c:5: error: (Each undeclared identifier is reported only once
conftest.c:5: error: for each function it appears in.)
checked program was:
/* begin */
1: #include "ruby.h"
2: 
3: /*top*/
4: int main() {return 0;}
5: int t() { void ((*volatile p)()); p = (void ((*)()))PQisthreadsafe; return 0; }
/* end */

"gcc-4.2 -o conftest -I/Users/mitchellkiss/.rvm/rubies/ruby-1.9.3-p392/include/ruby-1.9.1/x86_64-darwin12.3.0 -I/Users/mitchellkiss/.rvm/rubies/ruby-1.9.3-p392/include/ruby-1.9.1/ruby/backward -I/Users/mitchellkiss/.rvm/rubies/ruby-1.9.3-p392/include/ruby-1.9.1 -I. -D_XOPEN_SOURCE -D_DARWIN_C_SOURCE   -I/Users/mitchellkiss/.rvm/opt/libyaml/include -I/Users/mitchellkiss/.rvm/opt/readline/include -I/Users/mitchellkiss/.rvm/opt/libxml2/include -I/Users/mitchellkiss/.rvm/opt/libxslt/include -I/Users/mitchellkiss/.rvm/opt/libksba/include -I/Users/mitchellkiss/.rvm/opt/openssl/include -I/Users/mitchellkiss/.rvm/opt/sqlite/include -I/usr/include  -O3 -ggdb -Wall -Wextra -Wno-unused-parameter -Wno-parentheses -Wno-long-long -Wno-missing-field-initializers -Wpointer-arith -Wwrite-strings -Wdeclaration-after-statement -Wshorten-64-to-32 -Wimplicit-function-declaration  -fno-common -pipe conftest.c  -L. -L/Users/mitchellkiss/.rvm/rubies/ruby-1.9.3-p392/lib -L/Users/mitchellkiss/.rvm/opt/libyaml/lib -L/Users/mitchellkiss/.rvm/opt/readline/lib -L/Users/mitchellkiss/.rvm/opt/libxml2/lib -L/Users/mitchellkiss/.rvm/opt/libxslt/lib -L/Users/mitchellkiss/.rvm/opt/libksba/lib -L/Users/mitchellkiss/.rvm/opt/openssl/lib -L/Users/mitchellkiss/.rvm/opt/sqlite/lib -L.  -L/Users/mitchellkiss/.rvm/opt/libyaml/lib -L/Users/mitchellkiss/.rvm/opt/readline/lib -L/Users/mitchellkiss/.rvm/opt/libxml2/lib -L/Users/mitchellkiss/.rvm/opt/libxslt/lib -L/Users/mitchellkiss/.rvm/opt/libksba/lib -L/Users/mitchellkiss/.rvm/opt/openssl/lib -L/Users/mitchellkiss/.rvm/opt/sqlite/lib  -L/usr/lib    -lpq  -lruby.1.9.1 -lpq  -lpthread -ldl -lobjc "
conftest.c: In function ‘t’:
conftest.c:5: warning: implicit declaration of function ‘PQisthreadsafe’
checked program was:
/* begin */
1: #include "ruby.h"
2: 
3: /*top*/
4: int main() {return 0;}
5: int t() { PQisthreadsafe(); return 0; }
/* end */

--------------------

have_func: checking for PQprepare()... -------------------- yes

"gcc-4.2 -o conftest -I/Users/mitchellkiss/.rvm/rubies/ruby-1.9.3-p392/include/ruby-1.9.1/x86_64-darwin12.3.0 -I/Users/mitchellkiss/.rvm/rubies/ruby-1.9.3-p392/include/ruby-1.9.1/ruby/backward -I/Users/mitchellkiss/.rvm/rubies/ruby-1.9.3-p392/include/ruby-1.9.1 -I. -D_XOPEN_SOURCE -D_DARWIN_C_SOURCE   -I/Users/mitchellkiss/.rvm/opt/libyaml/include -I/Users/mitchellkiss/.rvm/opt/readline/include -I/Users/mitchellkiss/.rvm/opt/libxml2/include -I/Users/mitchellkiss/.rvm/opt/libxslt/include -I/Users/mitchellkiss/.rvm/opt/libksba/include -I/Users/mitchellkiss/.rvm/opt/openssl/include -I/Users/mitchellkiss/.rvm/opt/sqlite/include -I/usr/include  -O3 -ggdb -Wall -Wextra -Wno-unused-parameter -Wno-parentheses -Wno-long-long -Wno-missing-field-initializers -Wpointer-arith -Wwrite-strings -Wdeclaration-after-statement -Wshorten-64-to-32 -Wimplicit-function-declaration  -fno-common -pipe conftest.c  -L. -L/Users/mitchellkiss/.rvm/rubies/ruby-1.9.3-p392/lib -L/Users/mitchellkiss/.rvm/opt/libyaml/lib -L/Users/mitchellkiss/.rvm/opt/readline/lib -L/Users/mitchellkiss/.rvm/opt/libxml2/lib -L/Users/mitchellkiss/.rvm/opt/libxslt/lib -L/Users/mitchellkiss/.rvm/opt/libksba/lib -L/Users/mitchellkiss/.rvm/opt/openssl/lib -L/Users/mitchellkiss/.rvm/opt/sqlite/lib -L.  -L/Users/mitchellkiss/.rvm/opt/libyaml/lib -L/Users/mitchellkiss/.rvm/opt/readline/lib -L/Users/mitchellkiss/.rvm/opt/libxml2/lib -L/Users/mitchellkiss/.rvm/opt/libxslt/lib -L/Users/mitchellkiss/.rvm/opt/libksba/lib -L/Users/mitchellkiss/.rvm/opt/openssl/lib -L/Users/mitchellkiss/.rvm/opt/sqlite/lib  -L/usr/lib    -lpq  -lruby.1.9.1 -lpq  -lpthread -ldl -lobjc "
conftest.c: In function ‘t’:
conftest.c:5: error: ‘PQprepare’ undeclared (first use in this function)
conftest.c:5: error: (Each undeclared identifier is reported only once
conftest.c:5: error: for each function it appears in.)
checked program was:
/* begin */
1: #include "ruby.h"
2: 
3: /*top*/
4: int main() {return 0;}
5: int t() { void ((*volatile p)()); p = (void ((*)()))PQprepare; return 0; }
/* end */

"gcc-4.2 -o conftest -I/Users/mitchellkiss/.rvm/rubies/ruby-1.9.3-p392/include/ruby-1.9.1/x86_64-darwin12.3.0 -I/Users/mitchellkiss/.rvm/rubies/ruby-1.9.3-p392/include/ruby-1.9.1/ruby/backward -I/Users/mitchellkiss/.rvm/rubies/ruby-1.9.3-p392/include/ruby-1.9.1 -I. -D_XOPEN_SOURCE -D_DARWIN_C_SOURCE   -I/Users/mitchellkiss/.rvm/opt/libyaml/include -I/Users/mitchellkiss/.rvm/opt/readline/include -I/Users/mitchellkiss/.rvm/opt/libxml2/include -I/Users/mitchellkiss/.rvm/opt/libxslt/include -I/Users/mitchellkiss/.rvm/opt/libksba/include -I/Users/mitchellkiss/.rvm/opt/openssl/include -I/Users/mitchellkiss/.rvm/opt/sqlite/include -I/usr/include  -O3 -ggdb -Wall -Wextra -Wno-unused-parameter -Wno-parentheses -Wno-long-long -Wno-missing-field-initializers -Wpointer-arith -Wwrite-strings -Wdeclaration-after-statement -Wshorten-64-to-32 -Wimplicit-function-declaration  -fno-common -pipe conftest.c  -L. -L/Users/mitchellkiss/.rvm/rubies/ruby-1.9.3-p392/lib -L/Users/mitchellkiss/.rvm/opt/libyaml/lib -L/Users/mitchellkiss/.rvm/opt/readline/lib -L/Users/mitchellkiss/.rvm/opt/libxml2/lib -L/Users/mitchellkiss/.rvm/opt/libxslt/lib -L/Users/mitchellkiss/.rvm/opt/libksba/lib -L/Users/mitchellkiss/.rvm/opt/openssl/lib -L/Users/mitchellkiss/.rvm/opt/sqlite/lib -L.  -L/Users/mitchellkiss/.rvm/opt/libyaml/lib -L/Users/mitchellkiss/.rvm/opt/readline/lib -L/Users/mitchellkiss/.rvm/opt/libxml2/lib -L/Users/mitchellkiss/.rvm/opt/libxslt/lib -L/Users/mitchellkiss/.rvm/opt/libksba/lib -L/Users/mitchellkiss/.rvm/opt/openssl/lib -L/Users/mitchellkiss/.rvm/opt/sqlite/lib  -L/usr/lib    -lpq  -lruby.1.9.1 -lpq  -lpthread -ldl -lobjc "
conftest.c: In function ‘t’:
conftest.c:5: warning: implicit declaration of function ‘PQprepare’
checked program was:
/* begin */
1: #include "ruby.h"
2: 
3: /*top*/
4: int main() {return 0;}
5: int t() { PQprepare(); return 0; }
/* end */

--------------------

have_func: checking for PQexecParams()... -------------------- yes

"gcc-4.2 -o conftest -I/Users/mitchellkiss/.rvm/rubies/ruby-1.9.3-p392/include/ruby-1.9.1/x86_64-darwin12.3.0 -I/Users/mitchellkiss/.rvm/rubies/ruby-1.9.3-p392/include/ruby-1.9.1/ruby/backward -I/Users/mitchellkiss/.rvm/rubies/ruby-1.9.3-p392/include/ruby-1.9.1 -I. -D_XOPEN_SOURCE -D_DARWIN_C_SOURCE   -I/Users/mitchellkiss/.rvm/opt/libyaml/include -I/Users/mitchellkiss/.rvm/opt/readline/include -I/Users/mitchellkiss/.rvm/opt/libxml2/include -I/Users/mitchellkiss/.rvm/opt/libxslt/include -I/Users/mitchellkiss/.rvm/opt/libksba/include -I/Users/mitchellkiss/.rvm/opt/openssl/include -I/Users/mitchellkiss/.rvm/opt/sqlite/include -I/usr/include  -O3 -ggdb -Wall -Wextra -Wno-unused-parameter -Wno-parentheses -Wno-long-long -Wno-missing-field-initializers -Wpointer-arith -Wwrite-strings -Wdeclaration-after-statement -Wshorten-64-to-32 -Wimplicit-function-declaration  -fno-common -pipe conftest.c  -L. -L/Users/mitchellkiss/.rvm/rubies/ruby-1.9.3-p392/lib -L/Users/mitchellkiss/.rvm/opt/libyaml/lib -L/Users/mitchellkiss/.rvm/opt/readline/lib -L/Users/mitchellkiss/.rvm/opt/libxml2/lib -L/Users/mitchellkiss/.rvm/opt/libxslt/lib -L/Users/mitchellkiss/.rvm/opt/libksba/lib -L/Users/mitchellkiss/.rvm/opt/openssl/lib -L/Users/mitchellkiss/.rvm/opt/sqlite/lib -L.  -L/Users/mitchellkiss/.rvm/opt/libyaml/lib -L/Users/mitchellkiss/.rvm/opt/readline/lib -L/Users/mitchellkiss/.rvm/opt/libxml2/lib -L/Users/mitchellkiss/.rvm/opt/libxslt/lib -L/Users/mitchellkiss/.rvm/opt/libksba/lib -L/Users/mitchellkiss/.rvm/opt/openssl/lib -L/Users/mitchellkiss/.rvm/opt/sqlite/lib  -L/usr/lib    -lpq  -lruby.1.9.1 -lpq  -lpthread -ldl -lobjc "
conftest.c: In function ‘t’:
conftest.c:5: error: ‘PQexecParams’ undeclared (first use in this function)
conftest.c:5: error: (Each undeclared identifier is reported only once
conftest.c:5: error: for each function it appears in.)
checked program was:
/* begin */
1: #include "ruby.h"
2: 
3: /*top*/
4: int main() {return 0;}
5: int t() { void ((*volatile p)()); p = (void ((*)()))PQexecParams; return 0; }
/* end */

"gcc-4.2 -o conftest -I/Users/mitchellkiss/.rvm/rubies/ruby-1.9.3-p392/include/ruby-1.9.1/x86_64-darwin12.3.0 -I/Users/mitchellkiss/.rvm/rubies/ruby-1.9.3-p392/include/ruby-1.9.1/ruby/backward -I/Users/mitchellkiss/.rvm/rubies/ruby-1.9.3-p392/include/ruby-1.9.1 -I. -D_XOPEN_SOURCE -D_DARWIN_C_SOURCE   -I/Users/mitchellkiss/.rvm/opt/libyaml/include -I/Users/mitchellkiss/.rvm/opt/readline/include -I/Users/mitchellkiss/.rvm/opt/libxml2/include -I/Users/mitchellkiss/.rvm/opt/libxslt/include -I/Users/mitchellkiss/.rvm/opt/libksba/include -I/Users/mitchellkiss/.rvm/opt/openssl/include -I/Users/mitchellkiss/.rvm/opt/sqlite/include -I/usr/include  -O3 -ggdb -Wall -Wextra -Wno-unused-parameter -Wno-parentheses -Wno-long-long -Wno-missing-field-initializers -Wpointer-arith -Wwrite-strings -Wdeclaration-after-statement -Wshorten-64-to-32 -Wimplicit-function-declaration  -fno-common -pipe conftest.c  -L. -L/Users/mitchellkiss/.rvm/rubies/ruby-1.9.3-p392/lib -L/Users/mitchellkiss/.rvm/opt/libyaml/lib -L/Users/mitchellkiss/.rvm/opt/readline/lib -L/Users/mitchellkiss/.rvm/opt/libxml2/lib -L/Users/mitchellkiss/.rvm/opt/libxslt/lib -L/Users/mitchellkiss/.rvm/opt/libksba/lib -L/Users/mitchellkiss/.rvm/opt/openssl/lib -L/Users/mitchellkiss/.rvm/opt/sqlite/lib -L.  -L/Users/mitchellkiss/.rvm/opt/libyaml/lib -L/Users/mitchellkiss/.rvm/opt/readline/lib -L/Users/mitchellkiss/.rvm/opt/libxml2/lib -L/Users/mitchellkiss/.rvm/opt/libxslt/lib -L/Users/mitchellkiss/.rvm/opt/libksba/lib -L/Users/mitchellkiss/.rvm/opt/openssl/lib -L/Users/mitchellkiss/.rvm/opt/sqlite/lib  -L/usr/lib    -lpq  -lruby.1.9.1 -lpq  -lpthread -ldl -lobjc "
conftest.c: In function ‘t’:
conftest.c:5: warning: implicit declaration of function ‘PQexecParams’
checked program was:
/* begin */
1: #include "ruby.h"
2: 
3: /*top*/
4: int main() {return 0;}
5: int t() { PQexecParams(); return 0; }
/* end */

--------------------

have_func: checking for PQescapeString()... -------------------- yes

"gcc-4.2 -o conftest -I/Users/mitchellkiss/.rvm/rubies/ruby-1.9.3-p392/include/ruby-1.9.1/x86_64-darwin12.3.0 -I/Users/mitchellkiss/.rvm/rubies/ruby-1.9.3-p392/include/ruby-1.9.1/ruby/backward -I/Users/mitchellkiss/.rvm/rubies/ruby-1.9.3-p392/include/ruby-1.9.1 -I. -D_XOPEN_SOURCE -D_DARWIN_C_SOURCE   -I/Users/mitchellkiss/.rvm/opt/libyaml/include -I/Users/mitchellkiss/.rvm/opt/readline/include -I/Users/mitchellkiss/.rvm/opt/libxml2/include -I/Users/mitchellkiss/.rvm/opt/libxslt/include -I/Users/mitchellkiss/.rvm/opt/libksba/include -I/Users/mitchellkiss/.rvm/opt/openssl/include -I/Users/mitchellkiss/.rvm/opt/sqlite/include -I/usr/include  -O3 -ggdb -Wall -Wextra -Wno-unused-parameter -Wno-parentheses -Wno-long-long -Wno-missing-field-initializers -Wpointer-arith -Wwrite-strings -Wdeclaration-after-statement -Wshorten-64-to-32 -Wimplicit-function-declaration  -fno-common -pipe conftest.c  -L. -L/Users/mitchellkiss/.rvm/rubies/ruby-1.9.3-p392/lib -L/Users/mitchellkiss/.rvm/opt/libyaml/lib -L/Users/mitchellkiss/.rvm/opt/readline/lib -L/Users/mitchellkiss/.rvm/opt/libxml2/lib -L/Users/mitchellkiss/.rvm/opt/libxslt/lib -L/Users/mitchellkiss/.rvm/opt/libksba/lib -L/Users/mitchellkiss/.rvm/opt/openssl/lib -L/Users/mitchellkiss/.rvm/opt/sqlite/lib -L.  -L/Users/mitchellkiss/.rvm/opt/libyaml/lib -L/Users/mitchellkiss/.rvm/opt/readline/lib -L/Users/mitchellkiss/.rvm/opt/libxml2/lib -L/Users/mitchellkiss/.rvm/opt/libxslt/lib -L/Users/mitchellkiss/.rvm/opt/libksba/lib -L/Users/mitchellkiss/.rvm/opt/openssl/lib -L/Users/mitchellkiss/.rvm/opt/sqlite/lib  -L/usr/lib    -lpq  -lruby.1.9.1 -lpq  -lpthread -ldl -lobjc "
conftest.c: In function ‘t’:
conftest.c:5: error: ‘PQescapeString’ undeclared (first use in this function)
conftest.c:5: error: (Each undeclared identifier is reported only once
conftest.c:5: error: for each function it appears in.)
checked program was:
/* begin */
1: #include "ruby.h"
2: 
3: /*top*/
4: int main() {return 0;}
5: int t() { void ((*volatile p)()); p = (void ((*)()))PQescapeString; return 0; }
/* end */

"gcc-4.2 -o conftest -I/Users/mitchellkiss/.rvm/rubies/ruby-1.9.3-p392/include/ruby-1.9.1/x86_64-darwin12.3.0 -I/Users/mitchellkiss/.rvm/rubies/ruby-1.9.3-p392/include/ruby-1.9.1/ruby/backward -I/Users/mitchellkiss/.rvm/rubies/ruby-1.9.3-p392/include/ruby-1.9.1 -I. -D_XOPEN_SOURCE -D_DARWIN_C_SOURCE   -I/Users/mitchellkiss/.rvm/opt/libyaml/include -I/Users/mitchellkiss/.rvm/opt/readline/include -I/Users/mitchellkiss/.rvm/opt/libxml2/include -I/Users/mitchellkiss/.rvm/opt/libxslt/include -I/Users/mitchellkiss/.rvm/opt/libksba/include -I/Users/mitchellkiss/.rvm/opt/openssl/include -I/Users/mitchellkiss/.rvm/opt/sqlite/include -I/usr/include  -O3 -ggdb -Wall -Wextra -Wno-unused-parameter -Wno-parentheses -Wno-long-long -Wno-missing-field-initializers -Wpointer-arith -Wwrite-strings -Wdeclaration-after-statement -Wshorten-64-to-32 -Wimplicit-function-declaration  -fno-common -pipe conftest.c  -L. -L/Users/mitchellkiss/.rvm/rubies/ruby-1.9.3-p392/lib -L/Users/mitchellkiss/.rvm/opt/libyaml/lib -L/Users/mitchellkiss/.rvm/opt/readline/lib -L/Users/mitchellkiss/.rvm/opt/libxml2/lib -L/Users/mitchellkiss/.rvm/opt/libxslt/lib -L/Users/mitchellkiss/.rvm/opt/libksba/lib -L/Users/mitchellkiss/.rvm/opt/openssl/lib -L/Users/mitchellkiss/.rvm/opt/sqlite/lib -L.  -L/Users/mitchellkiss/.rvm/opt/libyaml/lib -L/Users/mitchellkiss/.rvm/opt/readline/lib -L/Users/mitchellkiss/.rvm/opt/libxml2/lib -L/Users/mitchellkiss/.rvm/opt/libxslt/lib -L/Users/mitchellkiss/.rvm/opt/libksba/lib -L/Users/mitchellkiss/.rvm/opt/openssl/lib -L/Users/mitchellkiss/.rvm/opt/sqlite/lib  -L/usr/lib    -lpq  -lruby.1.9.1 -lpq  -lpthread -ldl -lobjc "
conftest.c: In function ‘t’:
conftest.c:5: warning: implicit declaration of function ‘PQescapeString’
checked program was:
/* begin */
1: #include "ruby.h"
2: 
3: /*top*/
4: int main() {return 0;}
5: int t() { PQescapeString(); return 0; }
/* end */

--------------------

have_func: checking for PQescapeStringConn()... -------------------- yes

"gcc-4.2 -o conftest -I/Users/mitchellkiss/.rvm/rubies/ruby-1.9.3-p392/include/ruby-1.9.1/x86_64-darwin12.3.0 -I/Users/mitchellkiss/.rvm/rubies/ruby-1.9.3-p392/include/ruby-1.9.1/ruby/backward -I/Users/mitchellkiss/.rvm/rubies/ruby-1.9.3-p392/include/ruby-1.9.1 -I. -D_XOPEN_SOURCE -D_DARWIN_C_SOURCE   -I/Users/mitchellkiss/.rvm/opt/libyaml/include -I/Users/mitchellkiss/.rvm/opt/readline/include -I/Users/mitchellkiss/.rvm/opt/libxml2/include -I/Users/mitchellkiss/.rvm/opt/libxslt/include -I/Users/mitchellkiss/.rvm/opt/libksba/include -I/Users/mitchellkiss/.rvm/opt/openssl/include -I/Users/mitchellkiss/.rvm/opt/sqlite/include -I/usr/include  -O3 -ggdb -Wall -Wextra -Wno-unused-parameter -Wno-parentheses -Wno-long-long -Wno-missing-field-initializers -Wpointer-arith -Wwrite-strings -Wdeclaration-after-statement -Wshorten-64-to-32 -Wimplicit-function-declaration  -fno-common -pipe conftest.c  -L. -L/Users/mitchellkiss/.rvm/rubies/ruby-1.9.3-p392/lib -L/Users/mitchellkiss/.rvm/opt/libyaml/lib -L/Users/mitchellkiss/.rvm/opt/readline/lib -L/Users/mitchellkiss/.rvm/opt/libxml2/lib -L/Users/mitchellkiss/.rvm/opt/libxslt/lib -L/Users/mitchellkiss/.rvm/opt/libksba/lib -L/Users/mitchellkiss/.rvm/opt/openssl/lib -L/Users/mitchellkiss/.rvm/opt/sqlite/lib -L.  -L/Users/mitchellkiss/.rvm/opt/libyaml/lib -L/Users/mitchellkiss/.rvm/opt/readline/lib -L/Users/mitchellkiss/.rvm/opt/libxml2/lib -L/Users/mitchellkiss/.rvm/opt/libxslt/lib -L/Users/mitchellkiss/.rvm/opt/libksba/lib -L/Users/mitchellkiss/.rvm/opt/openssl/lib -L/Users/mitchellkiss/.rvm/opt/sqlite/lib  -L/usr/lib    -lpq  -lruby.1.9.1 -lpq  -lpthread -ldl -lobjc "
conftest.c: In function ‘t’:
conftest.c:5: error: ‘PQescapeStringConn’ undeclared (first use in this function)
conftest.c:5: error: (Each undeclared identifier is reported only once
conftest.c:5: error: for each function it appears in.)
checked program was:
/* begin */
1: #include "ruby.h"
2: 
3: /*top*/
4: int main() {return 0;}
5: int t() { void ((*volatile p)()); p = (void ((*)()))PQescapeStringConn; return 0; }
/* end */

"gcc-4.2 -o conftest -I/Users/mitchellkiss/.rvm/rubies/ruby-1.9.3-p392/include/ruby-1.9.1/x86_64-darwin12.3.0 -I/Users/mitchellkiss/.rvm/rubies/ruby-1.9.3-p392/include/ruby-1.9.1/ruby/backward -I/Users/mitchellkiss/.rvm/rubies/ruby-1.9.3-p392/include/ruby-1.9.1 -I. -D_XOPEN_SOURCE -D_DARWIN_C_SOURCE   -I/Users/mitchellkiss/.rvm/opt/libyaml/include -I/Users/mitchellkiss/.rvm/opt/readline/include -I/Users/mitchellkiss/.rvm/opt/libxml2/include -I/Users/mitchellkiss/.rvm/opt/libxslt/include -I/Users/mitchellkiss/.rvm/opt/libksba/include -I/Users/mitchellkiss/.rvm/opt/openssl/include -I/Users/mitchellkiss/.rvm/opt/sqlite/include -I/usr/include  -O3 -ggdb -Wall -Wextra -Wno-unused-parameter -Wno-parentheses -Wno-long-long -Wno-missing-field-initializers -Wpointer-arith -Wwrite-strings -Wdeclaration-after-statement -Wshorten-64-to-32 -Wimplicit-function-declaration  -fno-common -pipe conftest.c  -L. -L/Users/mitchellkiss/.rvm/rubies/ruby-1.9.3-p392/lib -L/Users/mitchellkiss/.rvm/opt/libyaml/lib -L/Users/mitchellkiss/.rvm/opt/readline/lib -L/Users/mitchellkiss/.rvm/opt/libxml2/lib -L/Users/mitchellkiss/.rvm/opt/libxslt/lib -L/Users/mitchellkiss/.rvm/opt/libksba/lib -L/Users/mitchellkiss/.rvm/opt/openssl/lib -L/Users/mitchellkiss/.rvm/opt/sqlite/lib -L.  -L/Users/mitchellkiss/.rvm/opt/libyaml/lib -L/Users/mitchellkiss/.rvm/opt/readline/lib -L/Users/mitchellkiss/.rvm/opt/libxml2/lib -L/Users/mitchellkiss/.rvm/opt/libxslt/lib -L/Users/mitchellkiss/.rvm/opt/libksba/lib -L/Users/mitchellkiss/.rvm/opt/openssl/lib -L/Users/mitchellkiss/.rvm/opt/sqlite/lib  -L/usr/lib    -lpq  -lruby.1.9.1 -lpq  -lpthread -ldl -lobjc "
conftest.c: In function ‘t’:
conftest.c:5: warning: implicit declaration of function ‘PQescapeStringConn’
checked program was:
/* begin */
1: #include "ruby.h"
2: 
3: /*top*/
4: int main() {return 0;}
5: int t() { PQescapeStringConn(); return 0; }
/* end */

--------------------

have_func: checking for PQgetCancel()... -------------------- yes

"gcc-4.2 -o conftest -I/Users/mitchellkiss/.rvm/rubies/ruby-1.9.3-p392/include/ruby-1.9.1/x86_64-darwin12.3.0 -I/Users/mitchellkiss/.rvm/rubies/ruby-1.9.3-p392/include/ruby-1.9.1/ruby/backward -I/Users/mitchellkiss/.rvm/rubies/ruby-1.9.3-p392/include/ruby-1.9.1 -I. -D_XOPEN_SOURCE -D_DARWIN_C_SOURCE   -I/Users/mitchellkiss/.rvm/opt/libyaml/include -I/Users/mitchellkiss/.rvm/opt/readline/include -I/Users/mitchellkiss/.rvm/opt/libxml2/include -I/Users/mitchellkiss/.rvm/opt/libxslt/include -I/Users/mitchellkiss/.rvm/opt/libksba/include -I/Users/mitchellkiss/.rvm/opt/openssl/include -I/Users/mitchellkiss/.rvm/opt/sqlite/include -I/usr/include  -O3 -ggdb -Wall -Wextra -Wno-unused-parameter -Wno-parentheses -Wno-long-long -Wno-missing-field-initializers -Wpointer-arith -Wwrite-strings -Wdeclaration-after-statement -Wshorten-64-to-32 -Wimplicit-function-declaration  -fno-common -pipe conftest.c  -L. -L/Users/mitchellkiss/.rvm/rubies/ruby-1.9.3-p392/lib -L/Users/mitchellkiss/.rvm/opt/libyaml/lib -L/Users/mitchellkiss/.rvm/opt/readline/lib -L/Users/mitchellkiss/.rvm/opt/libxml2/lib -L/Users/mitchellkiss/.rvm/opt/libxslt/lib -L/Users/mitchellkiss/.rvm/opt/libksba/lib -L/Users/mitchellkiss/.rvm/opt/openssl/lib -L/Users/mitchellkiss/.rvm/opt/sqlite/lib -L.  -L/Users/mitchellkiss/.rvm/opt/libyaml/lib -L/Users/mitchellkiss/.rvm/opt/readline/lib -L/Users/mitchellkiss/.rvm/opt/libxml2/lib -L/Users/mitchellkiss/.rvm/opt/libxslt/lib -L/Users/mitchellkiss/.rvm/opt/libksba/lib -L/Users/mitchellkiss/.rvm/opt/openssl/lib -L/Users/mitchellkiss/.rvm/opt/sqlite/lib  -L/usr/lib    -lpq  -lruby.1.9.1 -lpq  -lpthread -ldl -lobjc "
conftest.c: In function ‘t’:
conftest.c:5: error: ‘PQgetCancel’ undeclared (first use in this function)
conftest.c:5: error: (Each undeclared identifier is reported only once
conftest.c:5: error: for each function it appears in.)
checked program was:
/* begin */
1: #include "ruby.h"
2: 
3: /*top*/
4: int main() {return 0;}
5: int t() { void ((*volatile p)()); p = (void ((*)()))PQgetCancel; return 0; }
/* end */

"gcc-4.2 -o conftest -I/Users/mitchellkiss/.rvm/rubies/ruby-1.9.3-p392/include/ruby-1.9.1/x86_64-darwin12.3.0 -I/Users/mitchellkiss/.rvm/rubies/ruby-1.9.3-p392/include/ruby-1.9.1/ruby/backward -I/Users/mitchellkiss/.rvm/rubies/ruby-1.9.3-p392/include/ruby-1.9.1 -I. -D_XOPEN_SOURCE -D_DARWIN_C_SOURCE   -I/Users/mitchellkiss/.rvm/opt/libyaml/include -I/Users/mitchellkiss/.rvm/opt/readline/include -I/Users/mitchellkiss/.rvm/opt/libxml2/include -I/Users/mitchellkiss/.rvm/opt/libxslt/include -I/Users/mitchellkiss/.rvm/opt/libksba/include -I/Users/mitchellkiss/.rvm/opt/openssl/include -I/Users/mitchellkiss/.rvm/opt/sqlite/include -I/usr/include  -O3 -ggdb -Wall -Wextra -Wno-unused-parameter -Wno-parentheses -Wno-long-long -Wno-missing-field-initializers -Wpointer-arith -Wwrite-strings -Wdeclaration-after-statement -Wshorten-64-to-32 -Wimplicit-function-declaration  -fno-common -pipe conftest.c  -L. -L/Users/mitchellkiss/.rvm/rubies/ruby-1.9.3-p392/lib -L/Users/mitchellkiss/.rvm/opt/libyaml/lib -L/Users/mitchellkiss/.rvm/opt/readline/lib -L/Users/mitchellkiss/.rvm/opt/libxml2/lib -L/Users/mitchellkiss/.rvm/opt/libxslt/lib -L/Users/mitchellkiss/.rvm/opt/libksba/lib -L/Users/mitchellkiss/.rvm/opt/openssl/lib -L/Users/mitchellkiss/.rvm/opt/sqlite/lib -L.  -L/Users/mitchellkiss/.rvm/opt/libyaml/lib -L/Users/mitchellkiss/.rvm/opt/readline/lib -L/Users/mitchellkiss/.rvm/opt/libxml2/lib -L/Users/mitchellkiss/.rvm/opt/libxslt/lib -L/Users/mitchellkiss/.rvm/opt/libksba/lib -L/Users/mitchellkiss/.rvm/opt/openssl/lib -L/Users/mitchellkiss/.rvm/opt/sqlite/lib  -L/usr/lib    -lpq  -lruby.1.9.1 -lpq  -lpthread -ldl -lobjc "
conftest.c: In function ‘t’:
conftest.c:5: warning: implicit declaration of function ‘PQgetCancel’
checked program was:
/* begin */
1: #include "ruby.h"
2: 
3: /*top*/
4: int main() {return 0;}
5: int t() { PQgetCancel(); return 0; }
/* end */

--------------------

have_func: checking for lo_create()... -------------------- yes

"gcc-4.2 -o conftest -I/Users/mitchellkiss/.rvm/rubies/ruby-1.9.3-p392/include/ruby-1.9.1/x86_64-darwin12.3.0 -I/Users/mitchellkiss/.rvm/rubies/ruby-1.9.3-p392/include/ruby-1.9.1/ruby/backward -I/Users/mitchellkiss/.rvm/rubies/ruby-1.9.3-p392/include/ruby-1.9.1 -I. -D_XOPEN_SOURCE -D_DARWIN_C_SOURCE   -I/Users/mitchellkiss/.rvm/opt/libyaml/include -I/Users/mitchellkiss/.rvm/opt/readline/include -I/Users/mitchellkiss/.rvm/opt/libxml2/include -I/Users/mitchellkiss/.rvm/opt/libxslt/include -I/Users/mitchellkiss/.rvm/opt/libksba/include -I/Users/mitchellkiss/.rvm/opt/openssl/include -I/Users/mitchellkiss/.rvm/opt/sqlite/include -I/usr/include  -O3 -ggdb -Wall -Wextra -Wno-unused-parameter -Wno-parentheses -Wno-long-long -Wno-missing-field-initializers -Wpointer-arith -Wwrite-strings -Wdeclaration-after-statement -Wshorten-64-to-32 -Wimplicit-function-declaration  -fno-common -pipe conftest.c  -L. -L/Users/mitchellkiss/.rvm/rubies/ruby-1.9.3-p392/lib -L/Users/mitchellkiss/.rvm/opt/libyaml/lib -L/Users/mitchellkiss/.rvm/opt/readline/lib -L/Users/mitchellkiss/.rvm/opt/libxml2/lib -L/Users/mitchellkiss/.rvm/opt/libxslt/lib -L/Users/mitchellkiss/.rvm/opt/libksba/lib -L/Users/mitchellkiss/.rvm/opt/openssl/lib -L/Users/mitchellkiss/.rvm/opt/sqlite/lib -L.  -L/Users/mitchellkiss/.rvm/opt/libyaml/lib -L/Users/mitchellkiss/.rvm/opt/readline/lib -L/Users/mitchellkiss/.rvm/opt/libxml2/lib -L/Users/mitchellkiss/.rvm/opt/libxslt/lib -L/Users/mitchellkiss/.rvm/opt/libksba/lib -L/Users/mitchellkiss/.rvm/opt/openssl/lib -L/Users/mitchellkiss/.rvm/opt/sqlite/lib  -L/usr/lib    -lpq  -lruby.1.9.1 -lpq  -lpthread -ldl -lobjc "
conftest.c: In function ‘t’:
conftest.c:5: error: ‘lo_create’ undeclared (first use in this function)
conftest.c:5: error: (Each undeclared identifier is reported only once
conftest.c:5: error: for each function it appears in.)
checked program was:
/* begin */
1: #include "ruby.h"
2: 
3: /*top*/
4: int main() {return 0;}
5: int t() { void ((*volatile p)()); p = (void ((*)()))lo_create; return 0; }
/* end */

"gcc-4.2 -o conftest -I/Users/mitchellkiss/.rvm/rubies/ruby-1.9.3-p392/include/ruby-1.9.1/x86_64-darwin12.3.0 -I/Users/mitchellkiss/.rvm/rubies/ruby-1.9.3-p392/include/ruby-1.9.1/ruby/backward -I/Users/mitchellkiss/.rvm/rubies/ruby-1.9.3-p392/include/ruby-1.9.1 -I. -D_XOPEN_SOURCE -D_DARWIN_C_SOURCE   -I/Users/mitchellkiss/.rvm/opt/libyaml/include -I/Users/mitchellkiss/.rvm/opt/readline/include -I/Users/mitchellkiss/.rvm/opt/libxml2/include -I/Users/mitchellkiss/.rvm/opt/libxslt/include -I/Users/mitchellkiss/.rvm/opt/libksba/include -I/Users/mitchellkiss/.rvm/opt/openssl/include -I/Users/mitchellkiss/.rvm/opt/sqlite/include -I/usr/include  -O3 -ggdb -Wall -Wextra -Wno-unused-parameter -Wno-parentheses -Wno-long-long -Wno-missing-field-initializers -Wpointer-arith -Wwrite-strings -Wdeclaration-after-statement -Wshorten-64-to-32 -Wimplicit-function-declaration  -fno-common -pipe conftest.c  -L. -L/Users/mitchellkiss/.rvm/rubies/ruby-1.9.3-p392/lib -L/Users/mitchellkiss/.rvm/opt/libyaml/lib -L/Users/mitchellkiss/.rvm/opt/readline/lib -L/Users/mitchellkiss/.rvm/opt/libxml2/lib -L/Users/mitchellkiss/.rvm/opt/libxslt/lib -L/Users/mitchellkiss/.rvm/opt/libksba/lib -L/Users/mitchellkiss/.rvm/opt/openssl/lib -L/Users/mitchellkiss/.rvm/opt/sqlite/lib -L.  -L/Users/mitchellkiss/.rvm/opt/libyaml/lib -L/Users/mitchellkiss/.rvm/opt/readline/lib -L/Users/mitchellkiss/.rvm/opt/libxml2/lib -L/Users/mitchellkiss/.rvm/opt/libxslt/lib -L/Users/mitchellkiss/.rvm/opt/libksba/lib -L/Users/mitchellkiss/.rvm/opt/openssl/lib -L/Users/mitchellkiss/.rvm/opt/sqlite/lib  -L/usr/lib    -lpq  -lruby.1.9.1 -lpq  -lpthread -ldl -lobjc "
conftest.c: In function ‘t’:
conftest.c:5: warning: implicit declaration of function ‘lo_create’
checked program was:
/* begin */
1: #include "ruby.h"
2: 
3: /*top*/
4: int main() {return 0;}
5: int t() { lo_create(); return 0; }
/* end */

--------------------

have_func: checking for pg_encoding_to_char()... -------------------- yes

"gcc-4.2 -o conftest -I/Users/mitchellkiss/.rvm/rubies/ruby-1.9.3-p392/include/ruby-1.9.1/x86_64-darwin12.3.0 -I/Users/mitchellkiss/.rvm/rubies/ruby-1.9.3-p392/include/ruby-1.9.1/ruby/backward -I/Users/mitchellkiss/.rvm/rubies/ruby-1.9.3-p392/include/ruby-1.9.1 -I. -D_XOPEN_SOURCE -D_DARWIN_C_SOURCE   -I/Users/mitchellkiss/.rvm/opt/libyaml/include -I/Users/mitchellkiss/.rvm/opt/readline/include -I/Users/mitchellkiss/.rvm/opt/libxml2/include -I/Users/mitchellkiss/.rvm/opt/libxslt/include -I/Users/mitchellkiss/.rvm/opt/libksba/include -I/Users/mitchellkiss/.rvm/opt/openssl/include -I/Users/mitchellkiss/.rvm/opt/sqlite/include -I/usr/include  -O3 -ggdb -Wall -Wextra -Wno-unused-parameter -Wno-parentheses -Wno-long-long -Wno-missing-field-initializers -Wpointer-arith -Wwrite-strings -Wdeclaration-after-statement -Wshorten-64-to-32 -Wimplicit-function-declaration  -fno-common -pipe conftest.c  -L. -L/Users/mitchellkiss/.rvm/rubies/ruby-1.9.3-p392/lib -L/Users/mitchellkiss/.rvm/opt/libyaml/lib -L/Users/mitchellkiss/.rvm/opt/readline/lib -L/Users/mitchellkiss/.rvm/opt/libxml2/lib -L/Users/mitchellkiss/.rvm/opt/libxslt/lib -L/Users/mitchellkiss/.rvm/opt/libksba/lib -L/Users/mitchellkiss/.rvm/opt/openssl/lib -L/Users/mitchellkiss/.rvm/opt/sqlite/lib -L.  -L/Users/mitchellkiss/.rvm/opt/libyaml/lib -L/Users/mitchellkiss/.rvm/opt/readline/lib -L/Users/mitchellkiss/.rvm/opt/libxml2/lib -L/Users/mitchellkiss/.rvm/opt/libxslt/lib -L/Users/mitchellkiss/.rvm/opt/libksba/lib -L/Users/mitchellkiss/.rvm/opt/openssl/lib -L/Users/mitchellkiss/.rvm/opt/sqlite/lib  -L/usr/lib    -lpq  -lruby.1.9.1 -lpq  -lpthread -ldl -lobjc "
conftest.c: In function ‘t’:
conftest.c:5: error: ‘pg_encoding_to_char’ undeclared (first use in this function)
conftest.c:5: error: (Each undeclared identifier is reported only once
conftest.c:5: error: for each function it appears in.)
checked program was:
/* begin */
1: #include "ruby.h"
2: 
3: /*top*/
4: int main() {return 0;}
5: int t() { void ((*volatile p)()); p = (void ((*)()))pg_encoding_to_char; return 0; }
/* end */

"gcc-4.2 -o conftest -I/Users/mitchellkiss/.rvm/rubies/ruby-1.9.3-p392/include/ruby-1.9.1/x86_64-darwin12.3.0 -I/Users/mitchellkiss/.rvm/rubies/ruby-1.9.3-p392/include/ruby-1.9.1/ruby/backward -I/Users/mitchellkiss/.rvm/rubies/ruby-1.9.3-p392/include/ruby-1.9.1 -I. -D_XOPEN_SOURCE -D_DARWIN_C_SOURCE   -I/Users/mitchellkiss/.rvm/opt/libyaml/include -I/Users/mitchellkiss/.rvm/opt/readline/include -I/Users/mitchellkiss/.rvm/opt/libxml2/include -I/Users/mitchellkiss/.rvm/opt/libxslt/include -I/Users/mitchellkiss/.rvm/opt/libksba/include -I/Users/mitchellkiss/.rvm/opt/openssl/include -I/Users/mitchellkiss/.rvm/opt/sqlite/include -I/usr/include  -O3 -ggdb -Wall -Wextra -Wno-unused-parameter -Wno-parentheses -Wno-long-long -Wno-missing-field-initializers -Wpointer-arith -Wwrite-strings -Wdeclaration-after-statement -Wshorten-64-to-32 -Wimplicit-function-declaration  -fno-common -pipe conftest.c  -L. -L/Users/mitchellkiss/.rvm/rubies/ruby-1.9.3-p392/lib -L/Users/mitchellkiss/.rvm/opt/libyaml/lib -L/Users/mitchellkiss/.rvm/opt/readline/lib -L/Users/mitchellkiss/.rvm/opt/libxml2/lib -L/Users/mitchellkiss/.rvm/opt/libxslt/lib -L/Users/mitchellkiss/.rvm/opt/libksba/lib -L/Users/mitchellkiss/.rvm/opt/openssl/lib -L/Users/mitchellkiss/.rvm/opt/sqlite/lib -L.  -L/Users/mitchellkiss/.rvm/opt/libyaml/lib -L/Users/mitchellkiss/.rvm/opt/readline/lib -L/Users/mitchellkiss/.rvm/opt/libxml2/lib -L/Users/mitchellkiss/.rvm/opt/libxslt/lib -L/Users/mitchellkiss/.rvm/opt/libksba/lib -L/Users/mitchellkiss/.rvm/opt/openssl/lib -L/Users/mitchellkiss/.rvm/opt/sqlite/lib  -L/usr/lib    -lpq  -lruby.1.9.1 -lpq  -lpthread -ldl -lobjc "
conftest.c: In function ‘t’:
conftest.c:5: warning: implicit declaration of function ‘pg_encoding_to_char’
checked program was:
/* begin */
1: #include "ruby.h"
2: 
3: /*top*/
4: int main() {return 0;}
5: int t() { pg_encoding_to_char(); return 0; }
/* end */

--------------------

have_func: checking for PQsetClientEncoding()... -------------------- yes

"gcc-4.2 -o conftest -I/Users/mitchellkiss/.rvm/rubies/ruby-1.9.3-p392/include/ruby-1.9.1/x86_64-darwin12.3.0 -I/Users/mitchellkiss/.rvm/rubies/ruby-1.9.3-p392/include/ruby-1.9.1/ruby/backward -I/Users/mitchellkiss/.rvm/rubies/ruby-1.9.3-p392/include/ruby-1.9.1 -I. -D_XOPEN_SOURCE -D_DARWIN_C_SOURCE   -I/Users/mitchellkiss/.rvm/opt/libyaml/include -I/Users/mitchellkiss/.rvm/opt/readline/include -I/Users/mitchellkiss/.rvm/opt/libxml2/include -I/Users/mitchellkiss/.rvm/opt/libxslt/include -I/Users/mitchellkiss/.rvm/opt/libksba/include -I/Users/mitchellkiss/.rvm/opt/openssl/include -I/Users/mitchellkiss/.rvm/opt/sqlite/include -I/usr/include  -O3 -ggdb -Wall -Wextra -Wno-unused-parameter -Wno-parentheses -Wno-long-long -Wno-missing-field-initializers -Wpointer-arith -Wwrite-strings -Wdeclaration-after-statement -Wshorten-64-to-32 -Wimplicit-function-declaration  -fno-common -pipe conftest.c  -L. -L/Users/mitchellkiss/.rvm/rubies/ruby-1.9.3-p392/lib -L/Users/mitchellkiss/.rvm/opt/libyaml/lib -L/Users/mitchellkiss/.rvm/opt/readline/lib -L/Users/mitchellkiss/.rvm/opt/libxml2/lib -L/Users/mitchellkiss/.rvm/opt/libxslt/lib -L/Users/mitchellkiss/.rvm/opt/libksba/lib -L/Users/mitchellkiss/.rvm/opt/openssl/lib -L/Users/mitchellkiss/.rvm/opt/sqlite/lib -L.  -L/Users/mitchellkiss/.rvm/opt/libyaml/lib -L/Users/mitchellkiss/.rvm/opt/readline/lib -L/Users/mitchellkiss/.rvm/opt/libxml2/lib -L/Users/mitchellkiss/.rvm/opt/libxslt/lib -L/Users/mitchellkiss/.rvm/opt/libksba/lib -L/Users/mitchellkiss/.rvm/opt/openssl/lib -L/Users/mitchellkiss/.rvm/opt/sqlite/lib  -L/usr/lib    -lpq  -lruby.1.9.1 -lpq  -lpthread -ldl -lobjc "
conftest.c: In function ‘t’:
conftest.c:5: error: ‘PQsetClientEncoding’ undeclared (first use in this function)
conftest.c:5: error: (Each undeclared identifier is reported only once
conftest.c:5: error: for each function it appears in.)
checked program was:
/* begin */
1: #include "ruby.h"
2: 
3: /*top*/
4: int main() {return 0;}
5: int t() { void ((*volatile p)()); p = (void ((*)()))PQsetClientEncoding; return 0; }
/* end */

"gcc-4.2 -o conftest -I/Users/mitchellkiss/.rvm/rubies/ruby-1.9.3-p392/include/ruby-1.9.1/x86_64-darwin12.3.0 -I/Users/mitchellkiss/.rvm/rubies/ruby-1.9.3-p392/include/ruby-1.9.1/ruby/backward -I/Users/mitchellkiss/.rvm/rubies/ruby-1.9.3-p392/include/ruby-1.9.1 -I. -D_XOPEN_SOURCE -D_DARWIN_C_SOURCE   -I/Users/mitchellkiss/.rvm/opt/libyaml/include -I/Users/mitchellkiss/.rvm/opt/readline/include -I/Users/mitchellkiss/.rvm/opt/libxml2/include -I/Users/mitchellkiss/.rvm/opt/libxslt/include -I/Users/mitchellkiss/.rvm/opt/libksba/include -I/Users/mitchellkiss/.rvm/opt/openssl/include -I/Users/mitchellkiss/.rvm/opt/sqlite/include -I/usr/include  -O3 -ggdb -Wall -Wextra -Wno-unused-parameter -Wno-parentheses -Wno-long-long -Wno-missing-field-initializers -Wpointer-arith -Wwrite-strings -Wdeclaration-after-statement -Wshorten-64-to-32 -Wimplicit-function-declaration  -fno-common -pipe conftest.c  -L. -L/Users/mitchellkiss/.rvm/rubies/ruby-1.9.3-p392/lib -L/Users/mitchellkiss/.rvm/opt/libyaml/lib -L/Users/mitchellkiss/.rvm/opt/readline/lib -L/Users/mitchellkiss/.rvm/opt/libxml2/lib -L/Users/mitchellkiss/.rvm/opt/libxslt/lib -L/Users/mitchellkiss/.rvm/opt/libksba/lib -L/Users/mitchellkiss/.rvm/opt/openssl/lib -L/Users/mitchellkiss/.rvm/opt/sqlite/lib -L.  -L/Users/mitchellkiss/.rvm/opt/libyaml/lib -L/Users/mitchellkiss/.rvm/opt/readline/lib -L/Users/mitchellkiss/.rvm/opt/libxml2/lib -L/Users/mitchellkiss/.rvm/opt/libxslt/lib -L/Users/mitchellkiss/.rvm/opt/libksba/lib -L/Users/mitchellkiss/.rvm/opt/openssl/lib -L/Users/mitchellkiss/.rvm/opt/sqlite/lib  -L/usr/lib    -lpq  -lruby.1.9.1 -lpq  -lpthread -ldl -lobjc "
conftest.c: In function ‘t’:
conftest.c:5: warning: implicit declaration of function ‘PQsetClientEncoding’
checked program was:
/* begin */
1: #include "ruby.h"
2: 
3: /*top*/
4: int main() {return 0;}
5: int t() { PQsetClientEncoding(); return 0; }
/* end */

--------------------

have_func: checking for rb_encdb_alias()... -------------------- yes

"gcc-4.2 -o conftest -I/Users/mitchellkiss/.rvm/rubies/ruby-1.9.3-p392/include/ruby-1.9.1/x86_64-darwin12.3.0 -I/Users/mitchellkiss/.rvm/rubies/ruby-1.9.3-p392/include/ruby-1.9.1/ruby/backward -I/Users/mitchellkiss/.rvm/rubies/ruby-1.9.3-p392/include/ruby-1.9.1 -I. -D_XOPEN_SOURCE -D_DARWIN_C_SOURCE   -I/Users/mitchellkiss/.rvm/opt/libyaml/include -I/Users/mitchellkiss/.rvm/opt/readline/include -I/Users/mitchellkiss/.rvm/opt/libxml2/include -I/Users/mitchellkiss/.rvm/opt/libxslt/include -I/Users/mitchellkiss/.rvm/opt/libksba/include -I/Users/mitchellkiss/.rvm/opt/openssl/include -I/Users/mitchellkiss/.rvm/opt/sqlite/include -I/usr/include  -O3 -ggdb -Wall -Wextra -Wno-unused-parameter -Wno-parentheses -Wno-long-long -Wno-missing-field-initializers -Wpointer-arith -Wwrite-strings -Wdeclaration-after-statement -Wshorten-64-to-32 -Wimplicit-function-declaration  -fno-common -pipe conftest.c  -L. -L/Users/mitchellkiss/.rvm/rubies/ruby-1.9.3-p392/lib -L/Users/mitchellkiss/.rvm/opt/libyaml/lib -L/Users/mitchellkiss/.rvm/opt/readline/lib -L/Users/mitchellkiss/.rvm/opt/libxml2/lib -L/Users/mitchellkiss/.rvm/opt/libxslt/lib -L/Users/mitchellkiss/.rvm/opt/libksba/lib -L/Users/mitchellkiss/.rvm/opt/openssl/lib -L/Users/mitchellkiss/.rvm/opt/sqlite/lib -L.  -L/Users/mitchellkiss/.rvm/opt/libyaml/lib -L/Users/mitchellkiss/.rvm/opt/readline/lib -L/Users/mitchellkiss/.rvm/opt/libxml2/lib -L/Users/mitchellkiss/.rvm/opt/libxslt/lib -L/Users/mitchellkiss/.rvm/opt/libksba/lib -L/Users/mitchellkiss/.rvm/opt/openssl/lib -L/Users/mitchellkiss/.rvm/opt/sqlite/lib  -L/usr/lib    -lpq  -lruby.1.9.1 -lpq  -lpthread -ldl -lobjc "
conftest.c: In function ‘t’:
conftest.c:5: error: ‘rb_encdb_alias’ undeclared (first use in this function)
conftest.c:5: error: (Each undeclared identifier is reported only once
conftest.c:5: error: for each function it appears in.)
checked program was:
/* begin */
1: #include "ruby.h"
2: 
3: /*top*/
4: int main() {return 0;}
5: int t() { void ((*volatile p)()); p = (void ((*)()))rb_encdb_alias; return 0; }
/* end */

"gcc-4.2 -o conftest -I/Users/mitchellkiss/.rvm/rubies/ruby-1.9.3-p392/include/ruby-1.9.1/x86_64-darwin12.3.0 -I/Users/mitchellkiss/.rvm/rubies/ruby-1.9.3-p392/include/ruby-1.9.1/ruby/backward -I/Users/mitchellkiss/.rvm/rubies/ruby-1.9.3-p392/include/ruby-1.9.1 -I. -D_XOPEN_SOURCE -D_DARWIN_C_SOURCE   -I/Users/mitchellkiss/.rvm/opt/libyaml/include -I/Users/mitchellkiss/.rvm/opt/readline/include -I/Users/mitchellkiss/.rvm/opt/libxml2/include -I/Users/mitchellkiss/.rvm/opt/libxslt/include -I/Users/mitchellkiss/.rvm/opt/libksba/include -I/Users/mitchellkiss/.rvm/opt/openssl/include -I/Users/mitchellkiss/.rvm/opt/sqlite/include -I/usr/include  -O3 -ggdb -Wall -Wextra -Wno-unused-parameter -Wno-parentheses -Wno-long-long -Wno-missing-field-initializers -Wpointer-arith -Wwrite-strings -Wdeclaration-after-statement -Wshorten-64-to-32 -Wimplicit-function-declaration  -fno-common -pipe conftest.c  -L. -L/Users/mitchellkiss/.rvm/rubies/ruby-1.9.3-p392/lib -L/Users/mitchellkiss/.rvm/opt/libyaml/lib -L/Users/mitchellkiss/.rvm/opt/readline/lib -L/Users/mitchellkiss/.rvm/opt/libxml2/lib -L/Users/mitchellkiss/.rvm/opt/libxslt/lib -L/Users/mitchellkiss/.rvm/opt/libksba/lib -L/Users/mitchellkiss/.rvm/opt/openssl/lib -L/Users/mitchellkiss/.rvm/opt/sqlite/lib -L.  -L/Users/mitchellkiss/.rvm/opt/libyaml/lib -L/Users/mitchellkiss/.rvm/opt/readline/lib -L/Users/mitchellkiss/.rvm/opt/libxml2/lib -L/Users/mitchellkiss/.rvm/opt/libxslt/lib -L/Users/mitchellkiss/.rvm/opt/libksba/lib -L/Users/mitchellkiss/.rvm/opt/openssl/lib -L/Users/mitchellkiss/.rvm/opt/sqlite/lib  -L/usr/lib    -lpq  -lruby.1.9.1 -lpq  -lpthread -ldl -lobjc "
conftest.c: In function ‘t’:
conftest.c:5: warning: implicit declaration of function ‘rb_encdb_alias’
checked program was:
/* begin */
1: #include "ruby.h"
2: 
3: /*top*/
4: int main() {return 0;}
5: int t() { rb_encdb_alias(); return 0; }
/* end */

--------------------

have_func: checking for rb_enc_alias()... -------------------- no

"gcc-4.2 -o conftest -I/Users/mitchellkiss/.rvm/rubies/ruby-1.9.3-p392/include/ruby-1.9.1/x86_64-darwin12.3.0 -I/Users/mitchellkiss/.rvm/rubies/ruby-1.9.3-p392/include/ruby-1.9.1/ruby/backward -I/Users/mitchellkiss/.rvm/rubies/ruby-1.9.3-p392/include/ruby-1.9.1 -I. -D_XOPEN_SOURCE -D_DARWIN_C_SOURCE   -I/Users/mitchellkiss/.rvm/opt/libyaml/include -I/Users/mitchellkiss/.rvm/opt/readline/include -I/Users/mitchellkiss/.rvm/opt/libxml2/include -I/Users/mitchellkiss/.rvm/opt/libxslt/include -I/Users/mitchellkiss/.rvm/opt/libksba/include -I/Users/mitchellkiss/.rvm/opt/openssl/include -I/Users/mitchellkiss/.rvm/opt/sqlite/include -I/usr/include  -O3 -ggdb -Wall -Wextra -Wno-unused-parameter -Wno-parentheses -Wno-long-long -Wno-missing-field-initializers -Wpointer-arith -Wwrite-strings -Wdeclaration-after-statement -Wshorten-64-to-32 -Wimplicit-function-declaration  -fno-common -pipe conftest.c  -L. -L/Users/mitchellkiss/.rvm/rubies/ruby-1.9.3-p392/lib -L/Users/mitchellkiss/.rvm/opt/libyaml/lib -L/Users/mitchellkiss/.rvm/opt/readline/lib -L/Users/mitchellkiss/.rvm/opt/libxml2/lib -L/Users/mitchellkiss/.rvm/opt/libxslt/lib -L/Users/mitchellkiss/.rvm/opt/libksba/lib -L/Users/mitchellkiss/.rvm/opt/openssl/lib -L/Users/mitchellkiss/.rvm/opt/sqlite/lib -L.  -L/Users/mitchellkiss/.rvm/opt/libyaml/lib -L/Users/mitchellkiss/.rvm/opt/readline/lib -L/Users/mitchellkiss/.rvm/opt/libxml2/lib -L/Users/mitchellkiss/.rvm/opt/libxslt/lib -L/Users/mitchellkiss/.rvm/opt/libksba/lib -L/Users/mitchellkiss/.rvm/opt/openssl/lib -L/Users/mitchellkiss/.rvm/opt/sqlite/lib  -L/usr/lib    -lpq  -lruby.1.9.1 -lpq  -lpthread -ldl -lobjc "
conftest.c: In function ‘t’:
conftest.c:5: error: ‘rb_enc_alias’ undeclared (first use in this function)
conftest.c:5: error: (Each undeclared identifier is reported only once
conftest.c:5: error: for each function it appears in.)
checked program was:
/* begin */
1: #include "ruby.h"
2: 
3: /*top*/
4: int main() {return 0;}
5: int t() { void ((*volatile p)()); p = (void ((*)()))rb_enc_alias; return 0; }
/* end */

"gcc-4.2 -o conftest -I/Users/mitchellkiss/.rvm/rubies/ruby-1.9.3-p392/include/ruby-1.9.1/x86_64-darwin12.3.0 -I/Users/mitchellkiss/.rvm/rubies/ruby-1.9.3-p392/include/ruby-1.9.1/ruby/backward -I/Users/mitchellkiss/.rvm/rubies/ruby-1.9.3-p392/include/ruby-1.9.1 -I. -D_XOPEN_SOURCE -D_DARWIN_C_SOURCE   -I/Users/mitchellkiss/.rvm/opt/libyaml/include -I/Users/mitchellkiss/.rvm/opt/readline/include -I/Users/mitchellkiss/.rvm/opt/libxml2/include -I/Users/mitchellkiss/.rvm/opt/libxslt/include -I/Users/mitchellkiss/.rvm/opt/libksba/include -I/Users/mitchellkiss/.rvm/opt/openssl/include -I/Users/mitchellkiss/.rvm/opt/sqlite/include -I/usr/include  -O3 -ggdb -Wall -Wextra -Wno-unused-parameter -Wno-parentheses -Wno-long-long -Wno-missing-field-initializers -Wpointer-arith -Wwrite-strings -Wdeclaration-after-statement -Wshorten-64-to-32 -Wimplicit-function-declaration  -fno-common -pipe conftest.c  -L. -L/Users/mitchellkiss/.rvm/rubies/ruby-1.9.3-p392/lib -L/Users/mitchellkiss/.rvm/opt/libyaml/lib -L/Users/mitchellkiss/.rvm/opt/readline/lib -L/Users/mitchellkiss/.rvm/opt/libxml2/lib -L/Users/mitchellkiss/.rvm/opt/libxslt/lib -L/Users/mitchellkiss/.rvm/opt/libksba/lib -L/Users/mitchellkiss/.rvm/opt/openssl/lib -L/Users/mitchellkiss/.rvm/opt/sqlite/lib -L.  -L/Users/mitchellkiss/.rvm/opt/libyaml/lib -L/Users/mitchellkiss/.rvm/opt/readline/lib -L/Users/mitchellkiss/.rvm/opt/libxml2/lib -L/Users/mitchellkiss/.rvm/opt/libxslt/lib -L/Users/mitchellkiss/.rvm/opt/libksba/lib -L/Users/mitchellkiss/.rvm/opt/openssl/lib -L/Users/mitchellkiss/.rvm/opt/sqlite/lib  -L/usr/lib    -lpq  -lruby.1.9.1 -lpq  -lpthread -ldl -lobjc "
conftest.c: In function ‘t’:
conftest.c:5: warning: implicit declaration of function ‘rb_enc_alias’
Undefined symbols for architecture x86_64:
  "_rb_enc_alias", referenced from:
      _t in cc2D4etu.o
ld: symbol(s) not found for architecture x86_64
collect2: ld returned 1 exit status
checked program was:
/* begin */
1: #include "ruby.h"
2: 
3: /*top*/
4: int main() {return 0;}
5: int t() { rb_enc_alias(); return 0; }
/* end */

--------------------

have_struct_member: checking for struct pgNotify.extra in libpq-fe.h... -------------------- yes

"gcc-4.2 -I/Users/mitchellkiss/.rvm/rubies/ruby-1.9.3-p392/include/ruby-1.9.1/x86_64-darwin12.3.0 -I/Users/mitchellkiss/.rvm/rubies/ruby-1.9.3-p392/include/ruby-1.9.1/ruby/backward -I/Users/mitchellkiss/.rvm/rubies/ruby-1.9.3-p392/include/ruby-1.9.1 -I. -D_XOPEN_SOURCE -D_DARWIN_C_SOURCE   -I/Users/mitchellkiss/.rvm/opt/libyaml/include -I/Users/mitchellkiss/.rvm/opt/readline/include -I/Users/mitchellkiss/.rvm/opt/libxml2/include -I/Users/mitchellkiss/.rvm/opt/libxslt/include -I/Users/mitchellkiss/.rvm/opt/libksba/include -I/Users/mitchellkiss/.rvm/opt/openssl/include -I/Users/mitchellkiss/.rvm/opt/sqlite/include -I/usr/include  -O3 -ggdb -Wall -Wextra -Wno-unused-parameter -Wno-parentheses -Wno-long-long -Wno-missing-field-initializers -Wpointer-arith -Wwrite-strings -Wdeclaration-after-statement -Wshorten-64-to-32 -Wimplicit-function-declaration  -fno-common -pipe   -c conftest.c"
checked program was:
/* begin */
1: #include "ruby.h"
2: 
3: #include <libpq-fe.h>
4: 
5: /*top*/
6: int main() {return 0;}
7: int s = (char *)&((struct pgNotify*)0)->extra - (char *)0;
/* end */

--------------------

have_header: checking for unistd.h... -------------------- yes

"gcc-4.2 -E -I/Users/mitchellkiss/.rvm/rubies/ruby-1.9.3-p392/include/ruby-1.9.1/x86_64-darwin12.3.0 -I/Users/mitchellkiss/.rvm/rubies/ruby-1.9.3-p392/include/ruby-1.9.1/ruby/backward -I/Users/mitchellkiss/.rvm/rubies/ruby-1.9.3-p392/include/ruby-1.9.1 -I. -D_XOPEN_SOURCE -D_DARWIN_C_SOURCE   -I/Users/mitchellkiss/.rvm/opt/libyaml/include -I/Users/mitchellkiss/.rvm/opt/readline/include -I/Users/mitchellkiss/.rvm/opt/libxml2/include -I/Users/mitchellkiss/.rvm/opt/libxslt/include -I/Users/mitchellkiss/.rvm/opt/libksba/include -I/Users/mitchellkiss/.rvm/opt/openssl/include -I/Users/mitchellkiss/.rvm/opt/sqlite/include -I/usr/include  -O3 -ggdb -Wall -Wextra -Wno-unused-parameter -Wno-parentheses -Wno-long-long -Wno-missing-field-initializers -Wpointer-arith -Wwrite-strings -Wdeclaration-after-statement -Wshorten-64-to-32 -Wimplicit-function-declaration  -fno-common -pipe  conftest.c -o conftest.i"
checked program was:
/* begin */
1: #include "ruby.h"
2: 
3: #include <unistd.h>
/* end */

--------------------

have_header: checking for ruby/st.h... -------------------- yes

"gcc-4.2 -E -I/Users/mitchellkiss/.rvm/rubies/ruby-1.9.3-p392/include/ruby-1.9.1/x86_64-darwin12.3.0 -I/Users/mitchellkiss/.rvm/rubies/ruby-1.9.3-p392/include/ruby-1.9.1/ruby/backward -I/Users/mitchellkiss/.rvm/rubies/ruby-1.9.3-p392/include/ruby-1.9.1 -I. -D_XOPEN_SOURCE -D_DARWIN_C_SOURCE   -I/Users/mitchellkiss/.rvm/opt/libyaml/include -I/Users/mitchellkiss/.rvm/opt/readline/include -I/Users/mitchellkiss/.rvm/opt/libxml2/include -I/Users/mitchellkiss/.rvm/opt/libxslt/include -I/Users/mitchellkiss/.rvm/opt/libksba/include -I/Users/mitchellkiss/.rvm/opt/openssl/include -I/Users/mitchellkiss/.rvm/opt/sqlite/include -I/usr/include  -O3 -ggdb -Wall -Wextra -Wno-unused-parameter -Wno-parentheses -Wno-long-long -Wno-missing-field-initializers -Wpointer-arith -Wwrite-strings -Wdeclaration-after-statement -Wshorten-64-to-32 -Wimplicit-function-declaration  -fno-common -pipe  conftest.c -o conftest.i"
checked program was:
/* begin */
1: #include "ruby.h"
2: 
3: #include <ruby/st.h>
/* end */

--------------------

extconf.h is:
/* begin */
 1: #ifndef EXTCONF_H
 2: #define EXTCONF_H
 3: #define HAVE_PQCONNECTIONUSEDPASSWORD 1
 4: #define HAVE_PQISTHREADSAFE 1
 5: #define HAVE_PQPREPARE 1
 6: #define HAVE_PQEXECPARAMS 1
 7: #define HAVE_PQESCAPESTRING 1
 8: #define HAVE_PQESCAPESTRINGCONN 1
 9: #define HAVE_PQGETCANCEL 1
10: #define HAVE_LO_CREATE 1
11: #define HAVE_PG_ENCODING_TO_CHAR 1
12: #define HAVE_PQSETCLIENTENCODING 1
13: #define HAVE_RB_ENCDB_ALIAS 1
14: #define HAVE_STRUCT_PGNOTIFY_EXTRA 1
15: #define HAVE_ST_EXTRA 1
16: #define HAVE_ST_NOTIFY_EXTRA 1
17: #define HAVE_UNISTD_H 1
18: #define HAVE_RUBY_ST_H 1
19: #endif
/* end */

